# JRE version: OpenJDK Runtime Environment Temurin-11.0.17+8 (11.0.17+8) (build 11.0.17+8)
# Java VM: OpenJDK 64-Bit Server VM Temurin-11.0.17+8 (11.0.17+8, mixed mode, tiered, compressed oops, g1 gc, windows-amd64)
Heap:
 garbage-first heap   total 262144K, used 45712K [0x0000000080000000, 0x0000000100000000)
  region size 1024K, 30 young (30720K), 2 survivors (2048K)
 Metaspace       used 23542K, capacity 24120K, committed 24368K, reserved 538624K
  class space    used 2929K, capacity 3117K, committed 3200K, reserved 516096K
GC Heap History (10 events):
Event: 0.524 GC heap before
{Heap before GC invocations=0 (full 0):
 garbage-first heap   total 262144K, used 16384K [0x0000000080000000, 0x0000000100000000)
  region size 1024K, 14 young (14336K), 0 survivors (0K)
 Metaspace       used 6764K, capacity 6985K, committed 7168K, reserved 524288K
  class space    used 573K, capacity 650K, committed 768K, reserved 516096K
}
Event: 0.529 GC heap after
{Heap after GC invocations=1 (full 0):
 garbage-first heap   total 262144K, used 4245K [0x0000000080000000, 0x0000000100000000)
  region size 1024K, 2 young (2048K), 2 survivors (2048K)
 Metaspace       used 6764K, capacity 6985K, committed 7168K, reserved 524288K
  class space    used 573K, capacity 650K, committed 768K, reserved 516096K
}
Event: 0.818 GC heap before
{Heap before GC invocations=1 (full 0):
 garbage-first heap   total 262144K, used 16533K [0x0000000080000000, 0x0000000100000000)
  region size 1024K, 12 young (12288K), 2 survivors (2048K)
 Metaspace       used 10036K, capacity 10258K, committed 10368K, reserved 526336K
  class space    used 1015K, capacity 1107K, committed 1152K, reserved 516096K
}
Event: 0.822 GC heap after
{Heap after GC invocations=2 (full 0):
 garbage-first heap   total 262144K, used 9987K [0x0000000080000000, 0x0000000100000000)
  region size 1024K, 2 young (2048K), 2 survivors (2048K)
 Metaspace       used 10036K, capacity 10258K, committed 10368K, reserved 526336K
  class space    used 1015K, capacity 1107K, committed 1152K, reserved 516096K
}
Event: 1.550 GC heap before
{Heap before GC invocations=2 (full 0):
 garbage-first heap   total 262144K, used 39683K [0x0000000080000000, 0x0000000100000000)
  region size 1024K, 30 young (30720K), 2 survivors (2048K)
 Metaspace       used 11244K, capacity 11503K, committed 11776K, reserved 528384K
  class space    used 1149K, capacity 1245K, committed 1280K, reserved 516096K
}
Event: 1.553 GC heap after
{Heap after GC invocations=3 (full 0):
 garbage-first heap   total 262144K, used 11886K [0x0000000080000000, 0x0000000100000000)
  region size 1024K, 4 young (4096K), 4 survivors (4096K)
 Metaspace       used 11244K, capacity 11503K, committed 11776K, reserved 528384K
  class space    used 1149K, capacity 1245K, committed 1280K, reserved 516096K
}
Event: 3.309 GC heap before
{Heap before GC invocations=3 (full 0):
 garbage-first heap   total 262144K, used 53870K [0x0000000080000000, 0x0000000100000000)
  region size 1024K, 45 young (46080K), 4 survivors (4096K)
 Metaspace       used 17755K, capacity 18126K, committed 18432K, reserved 532480K
  class space    used 2062K, capacity 2178K, committed 2304K, reserved 516096K
}
Event: 3.315 GC heap after
{Heap after GC invocations=4 (full 0):
 garbage-first heap   total 262144K, used 16688K [0x0000000080000000, 0x0000000100000000)
  region size 1024K, 6 young (6144K), 6 survivors (6144K)
 Metaspace       used 17755K, capacity 18126K, committed 18432K, reserved 532480K
  class space    used 2062K, capacity 2178K, committed 2304K, reserved 516096K
}
Event: 3.659 GC heap before
{Heap before GC invocations=4 (full 0):
 garbage-first heap   total 262144K, used 39216K [0x0000000080000000, 0x0000000100000000)
  region size 1024K, 29 young (29696K), 6 survivors (6144K)
 Metaspace       used 20723K, capacity 21187K, committed 21296K, reserved 536576K
  class space    used 2478K, capacity 2628K, committed 2688K, reserved 516096K
}
Event: 3.667 GC heap after
{Heap after GC invocations=5 (full 0):
 garbage-first heap   total 262144K, used 18064K [0x0000000080000000, 0x0000000100000000)
  region size 1024K, 2 young (2048K), 2 survivors (2048K)
 Metaspace       used 20723K, capacity 21187K, committed 21296K, reserved 536576K
  class space    used 2478K, capacity 2628K, committed 2688K, reserved 516096K
}

